<?xml version="1.0" encoding="UTF-8"?>
<!-- Generated by org.testng.reporters.JUnitXMLReporter -->
<testsuite hostname="LAPTOP-P9RRP0CT" ignored="0" name="Cogmento CRM App test cases" tests="2" failures="0" timestamp="19 May 2020 12:26:24 GMT" time="42.068" errors="0">
  <testcase name="LoginPageTitleTest" time="0.017" classname="com.orangehrm.testcases.LoginPageTest"/>
  <testcase name="loginTest" time="0.659" classname="com.orangehrm.testcases.LoginPageTest"/>
</testsuite> <!-- Cogmento CRM App test cases -->
