<?xml version="1.0" encoding="UTF-8"?>
<!-- Generated by org.testng.reporters.JUnitXMLReporter -->
<testsuite hostname="LAPTOP-P9RRP0CT" ignored="0" name="Cogmento CRM App test cases" tests="14" failures="0" timestamp="01 Jun 2020 17:43:15 GMT" time="365.406" errors="0">
  <testcase name="LoginPageTitleTest" time="0.016" classname="com.orangehrm.testcases.LoginPageTest"/>
  <testcase name="verifyHomePageTitleTest" time="0.012" classname="com.orangehrm.testcases.HomePageTest"/>
  <testcase name="verifyContactsPageLabel" time="0.109" classname="com.orangehrm.testcases.ContactsPageTest"/>
  <testcase name="loginTest" time="0.897" classname="com.orangehrm.testcases.LoginPageTest"/>
  <testcase name="verifyUserNameLabelTest" time="1.505" classname="com.orangehrm.testcases.HomePageTest"/>
  <testcase name="SelectSingleContactsTest" time="11.566" classname="com.orangehrm.testcases.ContactsPageTest"/>
  <testcase name="verifyContactsLinkTest" time="4.859" classname="com.orangehrm.testcases.HomePageTest"/>
  <testcase name="SelectMultipleContactsTest" time="10.662" classname="com.orangehrm.testcases.ContactsPageTest"/>
  <testcase name="validateCreateNewContact" time="10.749" classname="com.orangehrm.testcases.ContactsPageTest"/>
  <testcase name="validateCreateNewContact" time="12.086" classname="com.orangehrm.testcases.ContactsPageTest"/>
  <testcase name="validateCreateNewContact" time="11.862" classname="com.orangehrm.testcases.ContactsPageTest"/>
  <testcase name="deleteContact" time="11.102" classname="com.orangehrm.testcases.ContactsPageTest"/>
  <testcase name="deleteContact" time="11.264" classname="com.orangehrm.testcases.ContactsPageTest"/>
  <testcase name="deleteContact" time="12.825" classname="com.orangehrm.testcases.ContactsPageTest"/>
</testsuite> <!-- Cogmento CRM App test cases -->
