<?xml version="1.0" encoding="UTF-8"?>
<testsuite xmlns:xsi="http://www.w3.org/2001/XMLSchema-instance" xsi:schemaLocation="https://maven.apache.org/surefire/maven-surefire-plugin/xsd/surefire-test-report.xsd" name="TestSuite" time="45.876" tests="2" errors="0" skipped="0" failures="0">
  <properties>
[...]
</properties>
  <testcase name="LoginPageTitleTest" classname="com.orangehrm.testcases.LoginPageTest" time="0.016"/>
  <testcase name="loginTest" classname="com.orangehrm.testcases.LoginPageTest" time="0.658"/>
</testsuite>