<?xml version="1.0" encoding="UTF-8"?>
<testng-results skipped="0" failed="0" ignored="0" total="2" passed="2">
  <reporter-output>
  </reporter-output>
  <suite name="Cogmento CRM Automation" duration-ms="42068" started-at="2020-05-19T12:25:42Z" finished-at="2020-05-19T12:26:24Z">
    <groups>
    </groups>
    <test name="Cogmento CRM App test cases" duration-ms="42068" started-at="2020-05-19T12:25:42Z" finished-at="2020-05-19T12:26:24Z">
      <class name="com.orangehrm.testcases.LoginPageTest">
        <test-method status="PASS" signature="setup()[pri:0, instance:com.orangehrm.testcases.LoginPageTest@1e802ef9]" name="setup" is-config="true" duration-ms="17661" started-at="2020-05-19T12:25:42Z" finished-at="2020-05-19T12:25:59Z">
          <reporter-output>
          </reporter-output>
        </test-method> <!-- setup -->
        <test-method status="PASS" signature="LoginPageTitleTest()[pri:1, instance:com.orangehrm.testcases.LoginPageTest@1e802ef9]" name="LoginPageTitleTest" duration-ms="17" started-at="2020-05-19T12:25:59Z" finished-at="2020-05-19T12:25:59Z">
          <reporter-output>
          </reporter-output>
        </test-method> <!-- LoginPageTitleTest -->
        <test-method status="PASS" signature="tearDown()[pri:0, instance:com.orangehrm.testcases.LoginPageTest@1e802ef9]" name="tearDown" is-config="true" duration-ms="4167" started-at="2020-05-19T12:25:59Z" finished-at="2020-05-19T12:26:04Z">
          <reporter-output>
          </reporter-output>
        </test-method> <!-- tearDown -->
        <test-method status="PASS" signature="setup()[pri:0, instance:com.orangehrm.testcases.LoginPageTest@1e802ef9]" name="setup" is-config="true" duration-ms="15424" started-at="2020-05-19T12:26:04Z" finished-at="2020-05-19T12:26:19Z">
          <reporter-output>
          </reporter-output>
        </test-method> <!-- setup -->
        <test-method status="PASS" signature="loginTest()[pri:2, instance:com.orangehrm.testcases.LoginPageTest@1e802ef9]" name="loginTest" duration-ms="659" started-at="2020-05-19T12:26:19Z" finished-at="2020-05-19T12:26:20Z">
          <reporter-output>
          </reporter-output>
        </test-method> <!-- loginTest -->
        <test-method status="PASS" signature="tearDown()[pri:0, instance:com.orangehrm.testcases.LoginPageTest@1e802ef9]" name="tearDown" is-config="true" duration-ms="4082" started-at="2020-05-19T12:26:20Z" finished-at="2020-05-19T12:26:24Z">
          <reporter-output>
          </reporter-output>
        </test-method> <!-- tearDown -->
      </class> <!-- com.orangehrm.testcases.LoginPageTest -->
    </test> <!-- Cogmento CRM App test cases -->
  </suite> <!-- Cogmento CRM Automation -->
</testng-results>
