<?xml version="1.0" encoding="UTF-8"?>
<testng-results skipped="0" failed="0" ignored="0" total="14" passed="14">
  <reporter-output>
  </reporter-output>
  <suite name="Cogmento CRM Automation" duration-ms="365406" started-at="2020-06-01T17:37:09Z" finished-at="2020-06-01T17:43:15Z">
    <groups>
    </groups>
    <test name="Cogmento CRM App test cases" duration-ms="365406" started-at="2020-06-01T17:37:09Z" finished-at="2020-06-01T17:43:15Z">
      <class name="com.orangehrm.testcases.HomePageTest">
        <test-method status="PASS" signature="setup()[pri:0, instance:com.orangehrm.testcases.HomePageTest@1ed1993a]" name="setup" is-config="true" duration-ms="17908" started-at="2020-06-01T17:37:31Z" finished-at="2020-06-01T17:37:49Z">
          <reporter-output>
          </reporter-output>
        </test-method> <!-- setup -->
        <test-method status="PASS" signature="verifyHomePageTitleTest()[pri:1, instance:com.orangehrm.testcases.HomePageTest@1ed1993a]" name="verifyHomePageTitleTest" duration-ms="12" started-at="2020-06-01T17:37:49Z" finished-at="2020-06-01T17:37:49Z">
          <reporter-output>
          </reporter-output>
        </test-method> <!-- verifyHomePageTitleTest -->
        <test-method status="PASS" signature="tearDown()[pri:0, instance:com.orangehrm.testcases.HomePageTest@1ed1993a]" name="tearDown" is-config="true" duration-ms="1134" started-at="2020-06-01T17:37:49Z" finished-at="2020-06-01T17:37:50Z">
          <reporter-output>
          </reporter-output>
        </test-method> <!-- tearDown -->
        <test-method status="PASS" signature="setup()[pri:0, instance:com.orangehrm.testcases.HomePageTest@1ed1993a]" name="setup" is-config="true" duration-ms="15024" started-at="2020-06-01T17:38:31Z" finished-at="2020-06-01T17:38:46Z">
          <reporter-output>
          </reporter-output>
        </test-method> <!-- setup -->
        <test-method status="PASS" signature="verifyUserNameLabelTest()[pri:2, instance:com.orangehrm.testcases.HomePageTest@1ed1993a]" name="verifyUserNameLabelTest" duration-ms="1505" started-at="2020-06-01T17:38:46Z" finished-at="2020-06-01T17:38:48Z">
          <reporter-output>
          </reporter-output>
        </test-method> <!-- verifyUserNameLabelTest -->
        <test-method status="PASS" signature="tearDown()[pri:0, instance:com.orangehrm.testcases.HomePageTest@1ed1993a]" name="tearDown" is-config="true" duration-ms="1132" started-at="2020-06-01T17:38:48Z" finished-at="2020-06-01T17:38:49Z">
          <reporter-output>
          </reporter-output>
        </test-method> <!-- tearDown -->
        <test-method status="PASS" signature="setup()[pri:0, instance:com.orangehrm.testcases.HomePageTest@1ed1993a]" name="setup" is-config="true" duration-ms="14691" started-at="2020-06-01T17:39:20Z" finished-at="2020-06-01T17:39:35Z">
          <reporter-output>
          </reporter-output>
        </test-method> <!-- setup -->
        <test-method status="PASS" signature="verifyContactsLinkTest()[pri:3, instance:com.orangehrm.testcases.HomePageTest@1ed1993a]" name="verifyContactsLinkTest" duration-ms="4859" started-at="2020-06-01T17:39:35Z" finished-at="2020-06-01T17:39:40Z">
          <reporter-output>
          </reporter-output>
        </test-method> <!-- verifyContactsLinkTest -->
        <test-method status="PASS" signature="tearDown()[pri:0, instance:com.orangehrm.testcases.HomePageTest@1ed1993a]" name="tearDown" is-config="true" duration-ms="1196" started-at="2020-06-01T17:39:40Z" finished-at="2020-06-01T17:39:41Z">
          <reporter-output>
          </reporter-output>
        </test-method> <!-- tearDown -->
      </class> <!-- com.orangehrm.testcases.HomePageTest -->
      <class name="com.orangehrm.testcases.ContactsPageTest">
        <test-method status="PASS" signature="setup()[pri:0, instance:com.orangehrm.testcases.ContactsPageTest@1f3f4916]" name="setup" is-config="true" duration-ms="19328" started-at="2020-06-01T17:37:50Z" finished-at="2020-06-01T17:38:10Z">
          <reporter-output>
          </reporter-output>
        </test-method> <!-- setup -->
        <test-method status="PASS" signature="verifyContactsPageLabel()[pri:1, instance:com.orangehrm.testcases.ContactsPageTest@1f3f4916]" name="verifyContactsPageLabel" duration-ms="109" started-at="2020-06-01T17:38:10Z" finished-at="2020-06-01T17:38:10Z">
          <reporter-output>
          </reporter-output>
        </test-method> <!-- verifyContactsPageLabel -->
        <test-method status="PASS" signature="tearDown()[pri:0, instance:com.orangehrm.testcases.ContactsPageTest@1f3f4916]" name="tearDown" is-config="true" duration-ms="1315" started-at="2020-06-01T17:38:10Z" finished-at="2020-06-01T17:38:11Z">
          <reporter-output>
          </reporter-output>
        </test-method> <!-- tearDown -->
        <test-method status="PASS" signature="setup()[pri:0, instance:com.orangehrm.testcases.ContactsPageTest@1f3f4916]" name="setup" is-config="true" duration-ms="18507" started-at="2020-06-01T17:38:49Z" finished-at="2020-06-01T17:39:08Z">
          <reporter-output>
          </reporter-output>
        </test-method> <!-- setup -->
        <test-method status="PASS" signature="SelectSingleContactsTest()[pri:2, instance:com.orangehrm.testcases.ContactsPageTest@1f3f4916]" name="SelectSingleContactsTest" duration-ms="11566" started-at="2020-06-01T17:39:08Z" finished-at="2020-06-01T17:39:19Z">
          <reporter-output>
          </reporter-output>
        </test-method> <!-- SelectSingleContactsTest -->
        <test-method status="PASS" signature="tearDown()[pri:0, instance:com.orangehrm.testcases.ContactsPageTest@1f3f4916]" name="tearDown" is-config="true" duration-ms="1203" started-at="2020-06-01T17:39:19Z" finished-at="2020-06-01T17:39:20Z">
          <reporter-output>
          </reporter-output>
        </test-method> <!-- tearDown -->
        <test-method status="PASS" signature="setup()[pri:0, instance:com.orangehrm.testcases.ContactsPageTest@1f3f4916]" name="setup" is-config="true" duration-ms="17533" started-at="2020-06-01T17:39:41Z" finished-at="2020-06-01T17:39:59Z">
          <reporter-output>
          </reporter-output>
        </test-method> <!-- setup -->
        <test-method status="PASS" signature="SelectMultipleContactsTest()[pri:3, instance:com.orangehrm.testcases.ContactsPageTest@1f3f4916]" name="SelectMultipleContactsTest" duration-ms="10662" started-at="2020-06-01T17:39:59Z" finished-at="2020-06-01T17:40:09Z">
          <reporter-output>
          </reporter-output>
        </test-method> <!-- SelectMultipleContactsTest -->
        <test-method status="PASS" signature="tearDown()[pri:0, instance:com.orangehrm.testcases.ContactsPageTest@1f3f4916]" name="tearDown" is-config="true" duration-ms="1142" started-at="2020-06-01T17:40:09Z" finished-at="2020-06-01T17:40:10Z">
          <reporter-output>
          </reporter-output>
        </test-method> <!-- tearDown -->
        <test-method status="PASS" signature="setup()[pri:0, instance:com.orangehrm.testcases.ContactsPageTest@1f3f4916]" name="setup" is-config="true" duration-ms="19291" started-at="2020-06-01T17:40:12Z" finished-at="2020-06-01T17:40:31Z">
          <reporter-output>
          </reporter-output>
        </test-method> <!-- setup -->
        <test-method status="PASS" signature="validateCreateNewContact(java.lang.String, java.lang.String, java.lang.String, java.lang.String, java.lang.String)[pri:4, instance:com.orangehrm.testcases.ContactsPageTest@1f3f4916]" name="validateCreateNewContact" duration-ms="10749" started-at="2020-06-01T17:40:31Z" data-provider="getCRMTestData" finished-at="2020-06-01T17:40:42Z">
          <params>
            <param index="0">
              <value>
                <![CDATA[John]]>
              </value>
            </param>
            <param index="1">
              <value>
                <![CDATA[smith]]>
              </value>
            </param>
            <param index="2">
              <value>
                <![CDATA[Lead]]>
              </value>
            </param>
            <param index="3">
              <value>
                <![CDATA[testing]]>
              </value>
            </param>
            <param index="4">
              <value>
                <![CDATA[John smith]]>
              </value>
            </param>
          </params>
          <reporter-output>
          </reporter-output>
        </test-method> <!-- validateCreateNewContact -->
        <test-method status="PASS" signature="tearDown()[pri:0, instance:com.orangehrm.testcases.ContactsPageTest@1f3f4916]" name="tearDown" is-config="true" duration-ms="1100" started-at="2020-06-01T17:40:42Z" finished-at="2020-06-01T17:40:43Z">
          <reporter-output>
          </reporter-output>
        </test-method> <!-- tearDown -->
        <test-method status="PASS" signature="setup()[pri:0, instance:com.orangehrm.testcases.ContactsPageTest@1f3f4916]" name="setup" is-config="true" duration-ms="17578" started-at="2020-06-01T17:40:43Z" finished-at="2020-06-01T17:41:01Z">
          <reporter-output>
          </reporter-output>
        </test-method> <!-- setup -->
        <test-method status="PASS" signature="validateCreateNewContact(java.lang.String, java.lang.String, java.lang.String, java.lang.String, java.lang.String)[pri:4, instance:com.orangehrm.testcases.ContactsPageTest@1f3f4916]" name="validateCreateNewContact" duration-ms="12086" started-at="2020-06-01T17:41:01Z" data-provider="getCRMTestData" finished-at="2020-06-01T17:41:13Z">
          <params>
            <param index="0">
              <value>
                <![CDATA[Stieve]]>
              </value>
            </param>
            <param index="1">
              <value>
                <![CDATA[smith]]>
              </value>
            </param>
            <param index="2">
              <value>
                <![CDATA[Contact]]>
              </value>
            </param>
            <param index="3">
              <value>
                <![CDATA[testing]]>
              </value>
            </param>
            <param index="4">
              <value>
                <![CDATA[Stieve smith]]>
              </value>
            </param>
          </params>
          <reporter-output>
          </reporter-output>
        </test-method> <!-- validateCreateNewContact -->
        <test-method status="PASS" signature="tearDown()[pri:0, instance:com.orangehrm.testcases.ContactsPageTest@1f3f4916]" name="tearDown" is-config="true" duration-ms="1097" started-at="2020-06-01T17:41:13Z" finished-at="2020-06-01T17:41:14Z">
          <reporter-output>
          </reporter-output>
        </test-method> <!-- tearDown -->
        <test-method status="PASS" signature="setup()[pri:0, instance:com.orangehrm.testcases.ContactsPageTest@1f3f4916]" name="setup" is-config="true" duration-ms="16404" started-at="2020-06-01T17:41:14Z" finished-at="2020-06-01T17:41:30Z">
          <reporter-output>
          </reporter-output>
        </test-method> <!-- setup -->
        <test-method status="PASS" signature="validateCreateNewContact(java.lang.String, java.lang.String, java.lang.String, java.lang.String, java.lang.String)[pri:4, instance:com.orangehrm.testcases.ContactsPageTest@1f3f4916]" name="validateCreateNewContact" duration-ms="11862" started-at="2020-06-01T17:41:30Z" data-provider="getCRMTestData" finished-at="2020-06-01T17:41:42Z">
          <params>
            <param index="0">
              <value>
                <![CDATA[James]]>
              </value>
            </param>
            <param index="1">
              <value>
                <![CDATA[sparrow]]>
              </value>
            </param>
            <param index="2">
              <value>
                <![CDATA[Affiliate]]>
              </value>
            </param>
            <param index="3">
              <value>
                <![CDATA[testing]]>
              </value>
            </param>
            <param index="4">
              <value>
                <![CDATA[James sparrow]]>
              </value>
            </param>
          </params>
          <reporter-output>
          </reporter-output>
        </test-method> <!-- validateCreateNewContact -->
        <test-method status="PASS" signature="tearDown()[pri:0, instance:com.orangehrm.testcases.ContactsPageTest@1f3f4916]" name="tearDown" is-config="true" duration-ms="1122" started-at="2020-06-01T17:41:42Z" finished-at="2020-06-01T17:41:43Z">
          <reporter-output>
          </reporter-output>
        </test-method> <!-- tearDown -->
        <test-method status="PASS" signature="setup()[pri:0, instance:com.orangehrm.testcases.ContactsPageTest@1f3f4916]" name="setup" is-config="true" duration-ms="17058" started-at="2020-06-01T17:41:43Z" finished-at="2020-06-01T17:42:00Z">
          <reporter-output>
          </reporter-output>
        </test-method> <!-- setup -->
        <test-method status="PASS" signature="deleteContact(java.lang.String)[pri:5, instance:com.orangehrm.testcases.ContactsPageTest@1f3f4916]" name="deleteContact" duration-ms="11102" started-at="2020-06-01T17:42:00Z" data-provider="getCRMTestData1" finished-at="2020-06-01T17:42:12Z">
          <params>
            <param index="0">
              <value>
                <![CDATA[John smith]]>
              </value>
            </param>
          </params>
          <reporter-output>
          </reporter-output>
        </test-method> <!-- deleteContact -->
        <test-method status="PASS" signature="tearDown()[pri:0, instance:com.orangehrm.testcases.ContactsPageTest@1f3f4916]" name="tearDown" is-config="true" duration-ms="1200" started-at="2020-06-01T17:42:12Z" finished-at="2020-06-01T17:42:13Z">
          <reporter-output>
          </reporter-output>
        </test-method> <!-- tearDown -->
        <test-method status="PASS" signature="setup()[pri:0, instance:com.orangehrm.testcases.ContactsPageTest@1f3f4916]" name="setup" is-config="true" duration-ms="17742" started-at="2020-06-01T17:42:13Z" finished-at="2020-06-01T17:42:30Z">
          <reporter-output>
          </reporter-output>
        </test-method> <!-- setup -->
        <test-method status="PASS" signature="deleteContact(java.lang.String)[pri:5, instance:com.orangehrm.testcases.ContactsPageTest@1f3f4916]" name="deleteContact" duration-ms="11264" started-at="2020-06-01T17:42:30Z" data-provider="getCRMTestData1" finished-at="2020-06-01T17:42:42Z">
          <params>
            <param index="0">
              <value>
                <![CDATA[Stieve smith]]>
              </value>
            </param>
          </params>
          <reporter-output>
          </reporter-output>
        </test-method> <!-- deleteContact -->
        <test-method status="PASS" signature="tearDown()[pri:0, instance:com.orangehrm.testcases.ContactsPageTest@1f3f4916]" name="tearDown" is-config="true" duration-ms="1188" started-at="2020-06-01T17:42:42Z" finished-at="2020-06-01T17:42:43Z">
          <reporter-output>
          </reporter-output>
        </test-method> <!-- tearDown -->
        <test-method status="PASS" signature="setup()[pri:0, instance:com.orangehrm.testcases.ContactsPageTest@1f3f4916]" name="setup" is-config="true" duration-ms="17754" started-at="2020-06-01T17:42:43Z" finished-at="2020-06-01T17:43:01Z">
          <reporter-output>
          </reporter-output>
        </test-method> <!-- setup -->
        <test-method status="PASS" signature="deleteContact(java.lang.String)[pri:5, instance:com.orangehrm.testcases.ContactsPageTest@1f3f4916]" name="deleteContact" duration-ms="12825" started-at="2020-06-01T17:43:01Z" data-provider="getCRMTestData1" finished-at="2020-06-01T17:43:13Z">
          <params>
            <param index="0">
              <value>
                <![CDATA[James sparrow]]>
              </value>
            </param>
          </params>
          <reporter-output>
          </reporter-output>
        </test-method> <!-- deleteContact -->
        <test-method status="PASS" signature="tearDown()[pri:0, instance:com.orangehrm.testcases.ContactsPageTest@1f3f4916]" name="tearDown" is-config="true" duration-ms="1134" started-at="2020-06-01T17:43:13Z" finished-at="2020-06-01T17:43:15Z">
          <reporter-output>
          </reporter-output>
        </test-method> <!-- tearDown -->
      </class> <!-- com.orangehrm.testcases.ContactsPageTest -->
      <class name="com.orangehrm.testcases.LoginPageTest">
        <test-method status="PASS" signature="setup()[pri:0, instance:com.orangehrm.testcases.LoginPageTest@5ccddd20]" name="setup" is-config="true" duration-ms="17112" started-at="2020-06-01T17:37:09Z" finished-at="2020-06-01T17:37:26Z">
          <reporter-output>
          </reporter-output>
        </test-method> <!-- setup -->
        <test-method status="PASS" signature="LoginPageTitleTest()[pri:1, instance:com.orangehrm.testcases.LoginPageTest@5ccddd20]" name="LoginPageTitleTest" duration-ms="16" started-at="2020-06-01T17:37:26Z" finished-at="2020-06-01T17:37:26Z">
          <reporter-output>
          </reporter-output>
        </test-method> <!-- LoginPageTitleTest -->
        <test-method status="PASS" signature="tearDown()[pri:0, instance:com.orangehrm.testcases.LoginPageTest@5ccddd20]" name="tearDown" is-config="true" duration-ms="4754" started-at="2020-06-01T17:37:26Z" finished-at="2020-06-01T17:37:31Z">
          <reporter-output>
          </reporter-output>
        </test-method> <!-- tearDown -->
        <test-method status="PASS" signature="setup()[pri:0, instance:com.orangehrm.testcases.LoginPageTest@5ccddd20]" name="setup" is-config="true" duration-ms="15351" started-at="2020-06-01T17:38:11Z" finished-at="2020-06-01T17:38:26Z">
          <reporter-output>
          </reporter-output>
        </test-method> <!-- setup -->
        <test-method status="PASS" signature="loginTest()[pri:2, instance:com.orangehrm.testcases.LoginPageTest@5ccddd20]" name="loginTest" duration-ms="897" started-at="2020-06-01T17:38:26Z" finished-at="2020-06-01T17:38:27Z">
          <reporter-output>
          </reporter-output>
        </test-method> <!-- loginTest -->
        <test-method status="PASS" signature="tearDown()[pri:0, instance:com.orangehrm.testcases.LoginPageTest@5ccddd20]" name="tearDown" is-config="true" duration-ms="4186" started-at="2020-06-01T17:38:27Z" finished-at="2020-06-01T17:38:31Z">
          <reporter-output>
          </reporter-output>
        </test-method> <!-- tearDown -->
      </class> <!-- com.orangehrm.testcases.LoginPageTest -->
    </test> <!-- Cogmento CRM App test cases -->
  </suite> <!-- Cogmento CRM Automation -->
</testng-results>
