<?xml version="1.0" encoding="UTF-8"?>
<!-- Generated by org.testng.reporters.JUnitXMLReporter -->
<testsuite hostname="LAPTOP-P9RRP0CT" ignored="0" name="Default test" tests="9" failures="0" timestamp="11 May 2020 14:27:55 GMT" time="275.788" errors="0">
  <testcase name="verifyContactsPageLabel" time="0.377" classname="com.orangehrm.testcases.ContactsPageTest"/>
  <testcase name="SelectSingleContactsTest" time="10.607" classname="com.orangehrm.testcases.ContactsPageTest"/>
  <testcase name="SelectMultipleContactsTest" time="10.002" classname="com.orangehrm.testcases.ContactsPageTest"/>
  <testcase name="validateCreateNewContact" time="12.547" classname="com.orangehrm.testcases.ContactsPageTest"/>
  <testcase name="validateCreateNewContact" time="11.068" classname="com.orangehrm.testcases.ContactsPageTest"/>
  <testcase name="validateCreateNewContact" time="12.21" classname="com.orangehrm.testcases.ContactsPageTest"/>
  <testcase name="deleteContact" time="12.251" classname="com.orangehrm.testcases.ContactsPageTest"/>
  <testcase name="deleteContact" time="12.041" classname="com.orangehrm.testcases.ContactsPageTest"/>
  <testcase name="deleteContact" time="12.165" classname="com.orangehrm.testcases.ContactsPageTest"/>
</testsuite> <!-- Default test -->
