<?xml version="1.0" encoding="UTF-8"?>
<!-- Generated by org.testng.reporters.JUnitXMLReporter -->
<testsuite hostname="LAPTOP-P9RRP0CT" ignored="0" name="Cogmento CRM App test cases" tests="14" failures="0" timestamp="01 Jun 2020 13:52:53 GMT" time="361.51" errors="0">
  <testcase name="LoginPageTitleTest" time="0.229" classname="com.orangehrm.testcases.LoginPageTest"/>
  <testcase name="verifyHomePageTitleTest" time="0.012" classname="com.orangehrm.testcases.HomePageTest"/>
  <testcase name="verifyContactsPageLabel" time="0.114" classname="com.orangehrm.testcases.ContactsPageTest"/>
  <testcase name="loginTest" time="0.527" classname="com.orangehrm.testcases.LoginPageTest"/>
  <testcase name="verifyUserNameLabelTest" time="1.489" classname="com.orangehrm.testcases.HomePageTest"/>
  <testcase name="SelectSingleContactsTest" time="9.339" classname="com.orangehrm.testcases.ContactsPageTest"/>
  <testcase name="verifyContactsLinkTest" time="4.633" classname="com.orangehrm.testcases.HomePageTest"/>
  <testcase name="SelectMultipleContactsTest" time="10.327" classname="com.orangehrm.testcases.ContactsPageTest"/>
  <testcase name="validateCreateNewContact" time="14.319" classname="com.orangehrm.testcases.ContactsPageTest"/>
  <testcase name="validateCreateNewContact" time="10.936" classname="com.orangehrm.testcases.ContactsPageTest"/>
  <testcase name="validateCreateNewContact" time="11.762" classname="com.orangehrm.testcases.ContactsPageTest"/>
  <testcase name="deleteContact" time="10.707" classname="com.orangehrm.testcases.ContactsPageTest"/>
  <testcase name="deleteContact" time="10.849" classname="com.orangehrm.testcases.ContactsPageTest"/>
  <testcase name="deleteContact" time="12.965" classname="com.orangehrm.testcases.ContactsPageTest"/>
</testsuite> <!-- Cogmento CRM App test cases -->
