<?xml version="1.0" encoding="UTF-8"?>
<!-- Generated by org.testng.reporters.JUnitXMLReporter -->
<testsuite hostname="LAPTOP-P9RRP0CT" ignored="0" name="Cogmento CRM App test cases" tests="10" failures="0" timestamp="01 Jun 2020 17:29:11 GMT" time="0.118" errors="0">
  <testcase name="@BeforeMethod setup" time="0.01" classname="com.orangehrm.testcases.LoginPageTest">
    <failure type="java.lang.NullPointerException">
      <![CDATA[java.lang.NullPointerException
at com.orangehrm.qa.base.TestBase.initialization(TestBase.java:44)
at com.orangehrm.testcases.LoginPageTest.setup(LoginPageTest.java:25)
... Removed 28 stack frames]]>
    </failure>
  </testcase> <!-- @BeforeMethod setup -->
  <testcase name="@AfterMethod tearDown" time="0.0" classname="com.orangehrm.testcases.LoginPageTest">
    <skipped/>
  </testcase> <!-- @AfterMethod tearDown -->
  <testcase name="@BeforeMethod setup" time="0.001" classname="com.orangehrm.testcases.HomePageTest">
    <failure type="java.lang.NullPointerException">
      <![CDATA[java.lang.NullPointerException
at com.orangehrm.qa.base.TestBase.initialization(TestBase.java:44)
at com.orangehrm.testcases.HomePageTest.setup(HomePageTest.java:30)
... Removed 28 stack frames]]>
    </failure>
  </testcase> <!-- @BeforeMethod setup -->
  <testcase name="@AfterMethod tearDown" time="0.0" classname="com.orangehrm.testcases.HomePageTest">
    <skipped/>
  </testcase> <!-- @AfterMethod tearDown -->
  <testcase name="@BeforeMethod setup" time="0.001" classname="com.orangehrm.testcases.ContactsPageTest">
    <failure type="java.lang.NullPointerException">
      <![CDATA[java.lang.NullPointerException
at com.orangehrm.qa.base.TestBase.initialization(TestBase.java:44)
at com.orangehrm.testcases.ContactsPageTest.setup(ContactsPageTest.java:28)
... Removed 28 stack frames]]>
    </failure>
  </testcase> <!-- @BeforeMethod setup -->
  <testcase name="@AfterMethod tearDown" time="0.0" classname="com.orangehrm.testcases.ContactsPageTest">
    <skipped/>
  </testcase> <!-- @AfterMethod tearDown -->
  <testcase name="@BeforeMethod setup" time="0.0" classname="com.orangehrm.testcases.LoginPageTest">
    <skipped/>
  </testcase> <!-- @BeforeMethod setup -->
  <testcase name="@AfterMethod tearDown" time="0.0" classname="com.orangehrm.testcases.LoginPageTest">
    <skipped/>
  </testcase> <!-- @AfterMethod tearDown -->
  <testcase name="@BeforeMethod setup" time="0.0" classname="com.orangehrm.testcases.HomePageTest">
    <skipped/>
  </testcase> <!-- @BeforeMethod setup -->
  <testcase name="@AfterMethod tearDown" time="0.0" classname="com.orangehrm.testcases.HomePageTest">
    <skipped/>
  </testcase> <!-- @AfterMethod tearDown -->
  <testcase name="@BeforeMethod setup" time="0.0" classname="com.orangehrm.testcases.ContactsPageTest">
    <skipped/>
  </testcase> <!-- @BeforeMethod setup -->
  <testcase name="@AfterMethod tearDown" time="0.0" classname="com.orangehrm.testcases.ContactsPageTest">
    <skipped/>
  </testcase> <!-- @AfterMethod tearDown -->
  <testcase name="@BeforeMethod setup" time="0.0" classname="com.orangehrm.testcases.HomePageTest">
    <skipped/>
  </testcase> <!-- @BeforeMethod setup -->
  <testcase name="@AfterMethod tearDown" time="0.0" classname="com.orangehrm.testcases.HomePageTest">
    <skipped/>
  </testcase> <!-- @AfterMethod tearDown -->
  <testcase name="@BeforeMethod setup" time="0.0" classname="com.orangehrm.testcases.ContactsPageTest">
    <skipped/>
  </testcase> <!-- @BeforeMethod setup -->
  <testcase name="@AfterMethod tearDown" time="0.0" classname="com.orangehrm.testcases.ContactsPageTest">
    <skipped/>
  </testcase> <!-- @AfterMethod tearDown -->
  <testcase name="LoginPageTitleTest" time="0.0" classname="com.orangehrm.testcases.LoginPageTest">
    <skipped/>
  </testcase> <!-- LoginPageTitleTest -->
  <testcase name="verifyHomePageTitleTest" time="0.0" classname="com.orangehrm.testcases.HomePageTest">
    <skipped/>
  </testcase> <!-- verifyHomePageTitleTest -->
  <testcase name="verifyContactsPageLabel" time="0.0" classname="com.orangehrm.testcases.ContactsPageTest">
    <skipped/>
  </testcase> <!-- verifyContactsPageLabel -->
  <testcase name="loginTest" time="0.0" classname="com.orangehrm.testcases.LoginPageTest">
    <skipped/>
  </testcase> <!-- loginTest -->
  <testcase name="verifyUserNameLabelTest" time="0.0" classname="com.orangehrm.testcases.HomePageTest">
    <skipped/>
  </testcase> <!-- verifyUserNameLabelTest -->
  <testcase name="SelectSingleContactsTest" time="0.0" classname="com.orangehrm.testcases.ContactsPageTest">
    <skipped/>
  </testcase> <!-- SelectSingleContactsTest -->
  <testcase name="verifyContactsLinkTest" time="0.0" classname="com.orangehrm.testcases.HomePageTest">
    <skipped/>
  </testcase> <!-- verifyContactsLinkTest -->
  <testcase name="SelectMultipleContactsTest" time="0.0" classname="com.orangehrm.testcases.ContactsPageTest">
    <skipped/>
  </testcase> <!-- SelectMultipleContactsTest -->
  <testcase name="validateCreateNewContact" time="0.0" classname="com.orangehrm.testcases.ContactsPageTest">
    <skipped/>
  </testcase> <!-- validateCreateNewContact -->
  <testcase name="deleteContact" time="0.0" classname="com.orangehrm.testcases.ContactsPageTest">
    <skipped/>
  </testcase> <!-- deleteContact -->
</testsuite> <!-- Cogmento CRM App test cases -->
